Build Date: 2019-02-27 14:50:31 +0000
--------------------------------------------------------------------------------
PREPARE OUTPUT
--------------------------------------------------------------------------------
Generating platform-specific config.xml from defaults for android at /var/gimlet/tmp/47449681830380/3482747/res/xml/config.xml
Merging project's config.xml into platform-specific android config.xml
Merging and updating files from [, ../platform_www] to ../assets/www
  copy  config.xml ../assets/www/config.xml (new file)
  mkdir ../assets/www/cordova-js-src
  mkdir ../assets/www/cordova-js-src/android
  copy  ../platform_www/cordova-js-src/android/nativeapiprovider.js ../assets/www/cordova-js-src/android/nativeapiprovider.js (new file)
  copy  ../platform_www/cordova-js-src/android/promptbasednativeapi.js ../assets/www/cordova-js-src/android/promptbasednativeapi.js (new file)
  copy  ../platform_www/cordova-js-src/exec.js ../assets/www/cordova-js-src/exec.js (new file)
  copy  ../platform_www/cordova-js-src/platform.js ../assets/www/cordova-js-src/platform.js (new file)
  mkdir ../assets/www/cordova-js-src/plugin
  mkdir ../assets/www/cordova-js-src/plugin/android
  copy  ../platform_www/cordova-js-src/plugin/android/app.js ../assets/www/cordova-js-src/plugin/android/app.js (new file)
  copy  ../platform_www/cordova.js ../assets/www/cordova.js (updated file)
  delete ../assets/www/css/index.css (no source)
  copy  css/styles.css ../assets/www/css/styles.css (new file)
  mkdir ../assets/www/frameworks
  mkdir ../assets/www/frameworks/jquery-3.3.1
  copy  frameworks/jquery-3.3.1/jquery.js ../assets/www/frameworks/jquery-3.3.1/jquery.js (new file)
  mkdir ../assets/www/frameworks/onsen-ui
  mkdir ../assets/www/frameworks/onsen-ui/css
  mkdir ../assets/www/frameworks/onsen-ui/css-components-src
  copy  frameworks/onsen-ui/css-components-src/README.md ../assets/www/frameworks/onsen-ui/css-components-src/README.md (new file)
  copy  frameworks/onsen-ui/css-components-src/gulpfile.js ../assets/www/frameworks/onsen-ui/css-components-src/gulpfile.js (new file)
  mkdir ../assets/www/frameworks/onsen-ui/css-components-src/misc
  copy  frameworks/onsen-ui/css-components-src/misc/screenshot-01.png ../assets/www/frameworks/onsen-ui/css-components-src/misc/screenshot-01.png (new file)
  copy  frameworks/onsen-ui/css-components-src/misc/screenshot-02.png ../assets/www/frameworks/onsen-ui/css-components-src/misc/screenshot-02.png (new file)
  copy  frameworks/onsen-ui/css-components-src/package.json ../assets/www/frameworks/onsen-ui/css-components-src/package.json (new file)
  copy  frameworks/onsen-ui/css-components-src/patterns.yaml ../assets/www/frameworks/onsen-ui/css-components-src/patterns.yaml (new file)
  mkdir ../assets/www/frameworks/onsen-ui/css-components-src/previewer-src
  copy  frameworks/onsen-ui/css-components-src/previewer-src/app.js ../assets/www/frameworks/onsen-ui/css-components-src/previewer-src/app.js (new file)
  mkdir ../assets/www/frameworks/onsen-ui/css-components-src/previewer-src/components
  copy  frameworks/onsen-ui/css-components-src/previewer-src/components/app-page.js ../assets/www/frameworks/onsen-ui/css-components-src/previewer-src/components/app-page.js (new file)
  copy  frameworks/onsen-ui/css-components-src/previewer-src/components/category-page.js ../assets/www/frameworks/onsen-ui/css-components-src/previewer-src/components/category-page.js (new file)
  copy  frameworks/onsen-ui/css-components-src/previewer-src/components/component-page.js ../assets/www/frameworks/onsen-ui/css-components-src/previewer-src/components/component-page.js (new file)
  copy  frameworks/onsen-ui/css-components-src/previewer-src/components/components-page.js ../assets/www/frameworks/onsen-ui/css-components-src/previewer-src/components/components-page.js (new file)
  copy  frameworks/onsen-ui/css-components-src/previewer-src/components/notfound-page.js ../assets/www/frameworks/onsen-ui/css-components-src/previewer-src/components/notfound-page.js (new file)
  copy  frameworks/onsen-ui/css-components-src/previewer-src/components/pattern-page.js ../assets/www/frameworks/onsen-ui/css-components-src/previewer-src/components/pattern-page.js (new file)
  copy  frameworks/onsen-ui/css-components-src/previewer-src/components/patterns-page.js ../assets/www/frameworks/onsen-ui/css-components-src/previewer-src/components/patterns-page.js (new file)
  copy  frameworks/onsen-ui/css-components-src/previewer-src/components/platform-select.js ../assets/www/frameworks/onsen-ui/css-components-src/previewer-src/components/platform-select.js (new file)
  copy  frameworks/onsen-ui/css-components-src/previewer-src/components/preview-component.js ../assets/www/frameworks/onsen-ui/css-components-src/previewer-src/components/preview-component.js (new file)
  copy  frameworks/onsen-ui/css-components-src/previewer-src/components/theme-select.js ../assets/www/frameworks/onsen-ui/css-components-src/previewer-src/components/theme-select.js (new file)
  copy  frameworks/onsen-ui/css-components-src/previewer-src/index.html.eco ../assets/www/frameworks/onsen-ui/css-components-src/previewer-src/index.html.eco (new file)
  copy  frameworks/onsen-ui/css-components-src/previewer-src/select-icon.svg ../assets/www/frameworks/onsen-ui/css-components-src/previewer-src/select-icon.svg (new file)
  copy  frameworks/onsen-ui/css-components-src/previewer-src/style.css ../assets/www/frameworks/onsen-ui/css-components-src/previewer-src/style.css (new file)
  copy  frameworks/onsen-ui/css-components-src/previewer-src/util.js ../assets/www/frameworks/onsen-ui/css-components-src/previewer-src/util.js (new file)
  mkdir ../assets/www/frameworks/onsen-ui/css-components-src/src
  mkdir ../assets/www/frameworks/onsen-ui/css-components-src/src/components
  copy  frameworks/onsen-ui/css-components-src/src/components/action-sheet.css ../assets/www/frameworks/onsen-ui/css-components-src/src/components/action-sheet.css (new file)
  copy  frameworks/onsen-ui/css-components-src/src/components/alert-dialog.css ../assets/www/frameworks/onsen-ui/css-components-src/src/components/alert-dialog.css (new file)
  copy  frameworks/onsen-ui/css-components-src/src/components/button-bar.css ../assets/www/frameworks/onsen-ui/css-components-src/src/components/button-bar.css (new file)
  copy  frameworks/onsen-ui/css-components-src/src/components/button.css ../assets/www/frameworks/onsen-ui/css-components-src/src/components/button.css (new file)
  copy  frameworks/onsen-ui/css-components-src/src/components/card.css ../assets/www/frameworks/onsen-ui/css-components-src/src/components/card.css (new file)
  copy  frameworks/onsen-ui/css-components-src/src/components/checkbox.css ../assets/www/frameworks/onsen-ui/css-components-src/src/components/checkbox.css (new file)
  copy  frameworks/onsen-ui/css-components-src/src/components/combination.css ../assets/www/frameworks/onsen-ui/css-components-src/src/components/combination.css (new file)
  copy  frameworks/onsen-ui/css-components-src/src/components/dialog.css ../assets/www/frameworks/onsen-ui/css-components-src/src/components/dialog.css (new file)
  copy  frameworks/onsen-ui/css-components-src/src/components/fab.css ../assets/www/frameworks/onsen-ui/css-components-src/src/components/fab.css (new file)
  copy  frameworks/onsen-ui/css-components-src/src/components/global.css ../assets/www/frameworks/onsen-ui/css-components-src/src/components/global.css (new file)
  copy  frameworks/onsen-ui/css-components-src/src/components/index.css ../assets/www/frameworks/onsen-ui/css-components-src/src/components/index.css (new file)
  copy  frameworks/onsen-ui/css-components-src/src/components/list.css ../assets/www/frameworks/onsen-ui/css-components-src/src/components/list.css (new file)
  copy  frameworks/onsen-ui/css-components-src/src/components/modal.css ../assets/www/frameworks/onsen-ui/css-components-src/src/components/modal.css (new file)
  copy  frameworks/onsen-ui/css-components-src/src/components/notification.css ../assets/www/frameworks/onsen-ui/css-components-src/src/components/notification.css (new file)
  copy  frameworks/onsen-ui/css-components-src/src/components/page.css ../assets/www/frameworks/onsen-ui/css-components-src/src/components/page.css (new file)
  copy  frameworks/onsen-ui/css-components-src/src/components/popover.css ../assets/www/frameworks/onsen-ui/css-components-src/src/components/popover.css (new file)
  copy  frameworks/onsen-ui/css-components-src/src/components/progress-bar.css ../assets/www/frameworks/onsen-ui/css-components-src/src/components/progress-bar.css (new file)
  copy  frameworks/onsen-ui/css-components-src/src/components/progress-circular.css ../assets/www/frameworks/onsen-ui/css-components-src/src/components/progress-circular.css (new file)
  copy  frameworks/onsen-ui/css-components-src/src/components/radio-button.css ../assets/www/frameworks/onsen-ui/css-components-src/src/components/radio-button.css (new file)
  copy  frameworks/onsen-ui/css-components-src/src/components/range.css ../assets/www/frameworks/onsen-ui/css-components-src/src/components/range.css (new file)
  copy  frameworks/onsen-ui/css-components-src/src/components/search-input.css ../assets/www/frameworks/onsen-ui/css-components-src/src/components/search-input.css (new file)
  copy  frameworks/onsen-ui/css-components-src/src/components/segment.css ../assets/www/frameworks/onsen-ui/css-components-src/src/components/segment.css (new file)
  copy  frameworks/onsen-ui/css-components-src/src/components/select.css ../assets/www/frameworks/onsen-ui/css-components-src/src/components/select.css (new file)
  copy  frameworks/onsen-ui/css-components-src/src/components/switch.css ../assets/www/frameworks/onsen-ui/css-components-src/src/components/switch.css (new file)
  copy  frameworks/onsen-ui/css-components-src/src/components/tabbar.css ../assets/www/frameworks/onsen-ui/css-components-src/src/components/tabbar.css (new file)
  copy  frameworks/onsen-ui/css-components-src/src/components/text-input.css ../assets/www/frameworks/onsen-ui/css-components-src/src/components/text-input.css (new file)
  copy  frameworks/onsen-ui/css-components-src/src/components/textarea.css ../assets/www/frameworks/onsen-ui/css-components-src/src/components/textarea.css (new file)
  copy  frameworks/onsen-ui/css-components-src/src/components/toast.css ../assets/www/frameworks/onsen-ui/css-components-src/src/components/toast.css (new file)
  copy  frameworks/onsen-ui/css-components-src/src/components/toolbar-button.css ../assets/www/frameworks/onsen-ui/css-components-src/src/components/toolbar-button.css (new file)
  copy  frameworks/onsen-ui/css-components-src/src/components/toolbar.css ../assets/www/frameworks/onsen-ui/css-components-src/src/components/toolbar.css (new file)
  copy  frameworks/onsen-ui/css-components-src/src/components/util.css ../assets/www/frameworks/onsen-ui/css-components-src/src/components/util.css (new file)
  copy  frameworks/onsen-ui/css-components-src/src/dark-onsen-css-components.css ../assets/www/frameworks/onsen-ui/css-components-src/src/dark-onsen-css-components.css (new file)
  copy  frameworks/onsen-ui/css-components-src/src/dark-theme.css ../assets/www/frameworks/onsen-ui/css-components-src/src/dark-theme.css (new file)
  mkdir ../assets/www/frameworks/onsen-ui/css-components-src/src/img
  copy  frameworks/onsen-ui/css-components-src/src/img/android-search-input-icon.svg ../assets/www/frameworks/onsen-ui/css-components-src/src/img/android-search-input-icon.svg (new file)
  copy  frameworks/onsen-ui/css-components-src/src/img/ios-search-input-icon.svg ../assets/www/frameworks/onsen-ui/css-components-src/src/img/ios-search-input-icon.svg (new file)
  copy  frameworks/onsen-ui/css-components-src/src/img/select-arrow.svg ../assets/www/frameworks/onsen-ui/css-components-src/src/img/select-arrow.svg (new file)
  mkdir ../assets/www/frameworks/onsen-ui/css-components-src/src/iphonex-support
  copy  frameworks/onsen-ui/css-components-src/src/iphonex-support/action-sheet.css ../assets/www/frameworks/onsen-ui/css-components-src/src/iphonex-support/action-sheet.css (new file)
  copy  frameworks/onsen-ui/css-components-src/src/iphonex-support/combination.css ../assets/www/frameworks/onsen-ui/css-components-src/src/iphonex-support/combination.css (new file)
  copy  frameworks/onsen-ui/css-components-src/src/iphonex-support/fab.css ../assets/www/frameworks/onsen-ui/css-components-src/src/iphonex-support/fab.css (new file)
  copy  frameworks/onsen-ui/css-components-src/src/iphonex-support/global.css ../assets/www/frameworks/onsen-ui/css-components-src/src/iphonex-support/global.css (new file)
  copy  frameworks/onsen-ui/css-components-src/src/iphonex-support/index.css ../assets/www/frameworks/onsen-ui/css-components-src/src/iphonex-support/index.css (new file)
  copy  frameworks/onsen-ui/css-components-src/src/iphonex-support/page.css ../assets/www/frameworks/onsen-ui/css-components-src/src/iphonex-support/page.css (new file)
  copy  frameworks/onsen-ui/css-components-src/src/iphonex-support/tabbar.css ../assets/www/frameworks/onsen-ui/css-components-src/src/iphonex-support/tabbar.css (new file)
  copy  frameworks/onsen-ui/css-components-src/src/iphonex-support/toast.css ../assets/www/frameworks/onsen-ui/css-components-src/src/iphonex-support/toast.css (new file)
  copy  frameworks/onsen-ui/css-components-src/src/iphonex-support/toolbar.css ../assets/www/frameworks/onsen-ui/css-components-src/src/iphonex-support/toolbar.css (new file)
  copy  frameworks/onsen-ui/css-components-src/src/license.css ../assets/www/frameworks/onsen-ui/css-components-src/src/license.css (new file)
  copy  frameworks/onsen-ui/css-components-src/src/old-onsen-css-components.css ../assets/www/frameworks/onsen-ui/css-components-src/src/old-onsen-css-components.css (new file)
  copy  frameworks/onsen-ui/css-components-src/src/old-theme.css ../assets/www/frameworks/onsen-ui/css-components-src/src/old-theme.css (new file)
  copy  frameworks/onsen-ui/css-components-src/src/onsen-css-components.css ../assets/www/frameworks/onsen-ui/css-components-src/src/onsen-css-components.css (new file)
  copy  frameworks/onsen-ui/css-components-src/src/theme.css ../assets/www/frameworks/onsen-ui/css-components-src/src/theme.css (new file)
  copy  frameworks/onsen-ui/css-components-src/stylelint.config.js ../assets/www/frameworks/onsen-ui/css-components-src/stylelint.config.js (new file)
  copy  frameworks/onsen-ui/css-components-src/yarn.lock ../assets/www/frameworks/onsen-ui/css-components-src/yarn.lock (new file)
  copy  frameworks/onsen-ui/css/dark-onsen-css-components.css ../assets/www/frameworks/onsen-ui/css/dark-onsen-css-components.css (new file)
  copy  frameworks/onsen-ui/css/dark-onsen-css-components.min.css ../assets/www/frameworks/onsen-ui/css/dark-onsen-css-components.min.css (new file)
  mkdir ../assets/www/frameworks/onsen-ui/css/font_awesome
  mkdir ../assets/www/frameworks/onsen-ui/css/font_awesome/css
  copy  frameworks/onsen-ui/css/font_awesome/css/font-awesome.css ../assets/www/frameworks/onsen-ui/css/font_awesome/css/font-awesome.css (new file)
  copy  frameworks/onsen-ui/css/font_awesome/css/font-awesome.min.css ../assets/www/frameworks/onsen-ui/css/font_awesome/css/font-awesome.min.css (new file)
  copy  frameworks/onsen-ui/css/font_awesome/css/v4-shims.css ../assets/www/frameworks/onsen-ui/css/font_awesome/css/v4-shims.css (new file)
  copy  frameworks/onsen-ui/css/font_awesome/css/v4-shims.min.css ../assets/www/frameworks/onsen-ui/css/font_awesome/css/v4-shims.min.css (new file)
  mkdir ../assets/www/frameworks/onsen-ui/css/font_awesome/fonts
  copy  frameworks/onsen-ui/css/font_awesome/fonts/fa-brands-400.eot ../assets/www/frameworks/onsen-ui/css/font_awesome/fonts/fa-brands-400.eot (new file)
  copy  frameworks/onsen-ui/css/font_awesome/fonts/fa-brands-400.svg ../assets/www/frameworks/onsen-ui/css/font_awesome/fonts/fa-brands-400.svg (new file)
  copy  frameworks/onsen-ui/css/font_awesome/fonts/fa-brands-400.ttf ../assets/www/frameworks/onsen-ui/css/font_awesome/fonts/fa-brands-400.ttf (new file)
  copy  frameworks/onsen-ui/css/font_awesome/fonts/fa-brands-400.woff ../assets/www/frameworks/onsen-ui/css/font_awesome/fonts/fa-brands-400.woff (new file)
  copy  frameworks/onsen-ui/css/font_awesome/fonts/fa-brands-400.woff2 ../assets/www/frameworks/onsen-ui/css/font_awesome/fonts/fa-brands-400.woff2 (new file)
  copy  frameworks/onsen-ui/css/font_awesome/fonts/fa-regular-400.eot ../assets/www/frameworks/onsen-ui/css/font_awesome/fonts/fa-regular-400.eot (new file)
  copy  frameworks/onsen-ui/css/font_awesome/fonts/fa-regular-400.svg ../assets/www/frameworks/onsen-ui/css/font_awesome/fonts/fa-regular-400.svg (new file)
  copy  frameworks/onsen-ui/css/font_awesome/fonts/fa-regular-400.ttf ../assets/www/frameworks/onsen-ui/css/font_awesome/fonts/fa-regular-400.ttf (new file)
  copy  frameworks/onsen-ui/css/font_awesome/fonts/fa-regular-400.woff ../assets/www/frameworks/onsen-ui/css/font_awesome/fonts/fa-regular-400.woff (new file)
  copy  frameworks/onsen-ui/css/font_awesome/fonts/fa-regular-400.woff2 ../assets/www/frameworks/onsen-ui/css/font_awesome/fonts/fa-regular-400.woff2 (new file)
  copy  frameworks/onsen-ui/css/font_awesome/fonts/fa-solid-900.eot ../assets/www/frameworks/onsen-ui/css/font_awesome/fonts/fa-solid-900.eot (new file)
  copy  frameworks/onsen-ui/css/font_awesome/fonts/fa-solid-900.svg ../assets/www/frameworks/onsen-ui/css/font_awesome/fonts/fa-solid-900.svg (new file)
  copy  frameworks/onsen-ui/css/font_awesome/fonts/fa-solid-900.ttf ../assets/www/frameworks/onsen-ui/css/font_awesome/fonts/fa-solid-900.ttf (new file)
  copy  frameworks/onsen-ui/css/font_awesome/fonts/fa-solid-900.woff ../assets/www/frameworks/onsen-ui/css/font_awesome/fonts/fa-solid-900.woff (new file)
  copy  frameworks/onsen-ui/css/font_awesome/fonts/fa-solid-900.woff2 ../assets/www/frameworks/onsen-ui/css/font_awesome/fonts/fa-solid-900.woff2 (new file)
  mkdir ../assets/www/frameworks/onsen-ui/css/ionicons
  mkdir ../assets/www/frameworks/onsen-ui/css/ionicons/css
  copy  frameworks/onsen-ui/css/ionicons/css/ionicons.css ../assets/www/frameworks/onsen-ui/css/ionicons/css/ionicons.css (new file)
  copy  frameworks/onsen-ui/css/ionicons/css/ionicons.min.css ../assets/www/frameworks/onsen-ui/css/ionicons/css/ionicons.min.css (new file)
  mkdir ../assets/www/frameworks/onsen-ui/css/ionicons/fonts
  copy  frameworks/onsen-ui/css/ionicons/fonts/ionicons.eot ../assets/www/frameworks/onsen-ui/css/ionicons/fonts/ionicons.eot (new file)
  copy  frameworks/onsen-ui/css/ionicons/fonts/ionicons.svg ../assets/www/frameworks/onsen-ui/css/ionicons/fonts/ionicons.svg (new file)
  copy  frameworks/onsen-ui/css/ionicons/fonts/ionicons.ttf ../assets/www/frameworks/onsen-ui/css/ionicons/fonts/ionicons.ttf (new file)
  copy  frameworks/onsen-ui/css/ionicons/fonts/ionicons.woff ../assets/www/frameworks/onsen-ui/css/ionicons/fonts/ionicons.woff (new file)
  mkdir ../assets/www/frameworks/onsen-ui/css/material-design-iconic-font
  mkdir ../assets/www/frameworks/onsen-ui/css/material-design-iconic-font/css
  copy  frameworks/onsen-ui/css/material-design-iconic-font/css/material-design-iconic-font.css ../assets/www/frameworks/onsen-ui/css/material-design-iconic-font/css/material-design-iconic-font.css (new file)
  copy  frameworks/onsen-ui/css/material-design-iconic-font/css/material-design-iconic-font.min.css ../assets/www/frameworks/onsen-ui/css/material-design-iconic-font/css/material-design-iconic-font.min.css (new file)
  mkdir ../assets/www/frameworks/onsen-ui/css/material-design-iconic-font/fonts
  copy  frameworks/onsen-ui/css/material-design-iconic-font/fonts/Material-Design-Iconic-Font.eot ../assets/www/frameworks/onsen-ui/css/material-design-iconic-font/fonts/Material-Design-Iconic-Font.eot (new file)
  copy  frameworks/onsen-ui/css/material-design-iconic-font/fonts/Material-Design-Iconic-Font.svg ../assets/www/frameworks/onsen-ui/css/material-design-iconic-font/fonts/Material-Design-Iconic-Font.svg (new file)
  copy  frameworks/onsen-ui/css/material-design-iconic-font/fonts/Material-Design-Iconic-Font.ttf ../assets/www/frameworks/onsen-ui/css/material-design-iconic-font/fonts/Material-Design-Iconic-Font.ttf (new file)
  copy  frameworks/onsen-ui/css/material-design-iconic-font/fonts/Material-Design-Iconic-Font.woff ../assets/www/frameworks/onsen-ui/css/material-design-iconic-font/fonts/Material-Design-Iconic-Font.woff (new file)
  copy  frameworks/onsen-ui/css/material-design-iconic-font/fonts/Material-Design-Iconic-Font.woff2 ../assets/www/frameworks/onsen-ui/css/material-design-iconic-font/fonts/Material-Design-Iconic-Font.woff2 (new file)
  copy  frameworks/onsen-ui/css/old-onsen-css-components.css ../assets/www/frameworks/onsen-ui/css/old-onsen-css-components.css (new file)
  copy  frameworks/onsen-ui/css/old-onsen-css-components.min.css ../assets/www/frameworks/onsen-ui/css/old-onsen-css-components.min.css (new file)
  copy  frameworks/onsen-ui/css/onsen-css-components.css ../assets/www/frameworks/onsen-ui/css/onsen-css-components.css (new file)
  copy  frameworks/onsen-ui/css/onsen-css-components.min.css ../assets/www/frameworks/onsen-ui/css/onsen-css-components.min.css (new file)
  copy  frameworks/onsen-ui/css/onsenui-core.css ../assets/www/frameworks/onsen-ui/css/onsenui-core.css (new file)
  copy  frameworks/onsen-ui/css/onsenui-core.min.css ../assets/www/frameworks/onsen-ui/css/onsenui-core.min.css (new file)
  copy  frameworks/onsen-ui/css/onsenui-fonts.css ../assets/www/frameworks/onsen-ui/css/onsenui-fonts.css (new file)
  copy  frameworks/onsen-ui/css/onsenui.css ../assets/www/frameworks/onsen-ui/css/onsenui.css (new file)
  copy  frameworks/onsen-ui/css/onsenui.min.css ../assets/www/frameworks/onsen-ui/css/onsenui.min.css (new file)
  mkdir ../assets/www/frameworks/onsen-ui/esm
  mkdir ../assets/www/frameworks/onsen-ui/esm/elements
  mkdir ../assets/www/frameworks/onsen-ui/esm/elements/base
  copy  frameworks/onsen-ui/esm/elements/base/base-button.js ../assets/www/frameworks/onsen-ui/esm/elements/base/base-button.js (new file)
  copy  frameworks/onsen-ui/esm/elements/base/base-checkbox.js ../assets/www/frameworks/onsen-ui/esm/elements/base/base-checkbox.js (new file)
  copy  frameworks/onsen-ui/esm/elements/base/base-dialog.js ../assets/www/frameworks/onsen-ui/esm/elements/base/base-dialog.js (new file)
  copy  frameworks/onsen-ui/esm/elements/base/base-element.js ../assets/www/frameworks/onsen-ui/esm/elements/base/base-element.js (new file)
  copy  frameworks/onsen-ui/esm/elements/base/base-input.js ../assets/www/frameworks/onsen-ui/esm/elements/base/base-input.js (new file)
  mkdir ../assets/www/frameworks/onsen-ui/esm/elements/ons-action-sheet
  copy  frameworks/onsen-ui/esm/elements/ons-action-sheet-button.js ../assets/www/frameworks/onsen-ui/esm/elements/ons-action-sheet-button.js (new file)
  copy  frameworks/onsen-ui/esm/elements/ons-action-sheet/animator.js ../assets/www/frameworks/onsen-ui/esm/elements/ons-action-sheet/animator.js (new file)
  copy  frameworks/onsen-ui/esm/elements/ons-action-sheet/index.js ../assets/www/frameworks/onsen-ui/esm/elements/ons-action-sheet/index.js (new file)
  mkdir ../assets/www/frameworks/onsen-ui/esm/elements/ons-alert-dialog
  copy  frameworks/onsen-ui/esm/elements/ons-alert-dialog-button.js ../assets/www/frameworks/onsen-ui/esm/elements/ons-alert-dialog-button.js (new file)
  copy  frameworks/onsen-ui/esm/elements/ons-alert-dialog/animator.js ../assets/www/frameworks/onsen-ui/esm/elements/ons-alert-dialog/animator.js (new file)
  copy  frameworks/onsen-ui/esm/elements/ons-alert-dialog/index.js ../assets/www/frameworks/onsen-ui/esm/elements/ons-alert-dialog/index.js (new file)
  copy  frameworks/onsen-ui/esm/elements/ons-back-button.js ../assets/www/frameworks/onsen-ui/esm/elements/ons-back-button.js (new file)
  copy  frameworks/onsen-ui/esm/elements/ons-bottom-toolbar.js ../assets/www/frameworks/onsen-ui/esm/elements/ons-bottom-toolbar.js (new file)
  copy  frameworks/onsen-ui/esm/elements/ons-button.js ../assets/www/frameworks/onsen-ui/esm/elements/ons-button.js (new file)
  copy  frameworks/onsen-ui/esm/elements/ons-card.js ../assets/www/frameworks/onsen-ui/esm/elements/ons-card.js (new file)
  copy  frameworks/onsen-ui/esm/elements/ons-carousel-item.js ../assets/www/frameworks/onsen-ui/esm/elements/ons-carousel-item.js (new file)
  copy  frameworks/onsen-ui/esm/elements/ons-carousel.js ../assets/www/frameworks/onsen-ui/esm/elements/ons-carousel.js (new file)
  copy  frameworks/onsen-ui/esm/elements/ons-checkbox.js ../assets/www/frameworks/onsen-ui/esm/elements/ons-checkbox.js (new file)
  copy  frameworks/onsen-ui/esm/elements/ons-col.js ../assets/www/frameworks/onsen-ui/esm/elements/ons-col.js (new file)
  mkdir ../assets/www/frameworks/onsen-ui/esm/elements/ons-dialog
  copy  frameworks/onsen-ui/esm/elements/ons-dialog/animator.js ../assets/www/frameworks/onsen-ui/esm/elements/ons-dialog/animator.js (new file)
  copy  frameworks/onsen-ui/esm/elements/ons-dialog/index.js ../assets/www/frameworks/onsen-ui/esm/elements/ons-dialog/index.js (new file)
  copy  frameworks/onsen-ui/esm/elements/ons-fab.js ../assets/www/frameworks/onsen-ui/esm/elements/ons-fab.js (new file)
  copy  frameworks/onsen-ui/esm/elements/ons-gesture-detector.js ../assets/www/frameworks/onsen-ui/esm/elements/ons-gesture-detector.js (new file)
  copy  frameworks/onsen-ui/esm/elements/ons-icon.js ../assets/www/frameworks/onsen-ui/esm/elements/ons-icon.js (new file)
  copy  frameworks/onsen-ui/esm/elements/ons-if.js ../assets/www/frameworks/onsen-ui/esm/elements/ons-if.js (new file)
  copy  frameworks/onsen-ui/esm/elements/ons-input.js ../assets/www/frameworks/onsen-ui/esm/elements/ons-input.js (new file)
  copy  frameworks/onsen-ui/esm/elements/ons-lazy-repeat.js ../assets/www/frameworks/onsen-ui/esm/elements/ons-lazy-repeat.js (new file)
  copy  frameworks/onsen-ui/esm/elements/ons-list-header.js ../assets/www/frameworks/onsen-ui/esm/elements/ons-list-header.js (new file)
  mkdir ../assets/www/frameworks/onsen-ui/esm/elements/ons-list-item
  copy  frameworks/onsen-ui/esm/elements/ons-list-item/animator.js ../assets/www/frameworks/onsen-ui/esm/elements/ons-list-item/animator.js (new file)
  copy  frameworks/onsen-ui/esm/elements/ons-list-item/index.js ../assets/www/frameworks/onsen-ui/esm/elements/ons-list-item/index.js (new file)
  copy  frameworks/onsen-ui/esm/elements/ons-list-title.js ../assets/www/frameworks/onsen-ui/esm/elements/ons-list-title.js (new file)
  copy  frameworks/onsen-ui/esm/elements/ons-list.js ../assets/www/frameworks/onsen-ui/esm/elements/ons-list.js (new file)
  mkdir ../assets/www/frameworks/onsen-ui/esm/elements/ons-modal
  copy  frameworks/onsen-ui/esm/elements/ons-modal/animator.js ../assets/www/frameworks/onsen-ui/esm/elements/ons-modal/animator.js (new file)
  copy  frameworks/onsen-ui/esm/elements/ons-modal/fade-animator.js ../assets/www/frameworks/onsen-ui/esm/elements/ons-modal/fade-animator.js (new file)
  copy  frameworks/onsen-ui/esm/elements/ons-modal/index.js ../assets/www/frameworks/onsen-ui/esm/elements/ons-modal/index.js (new file)
  copy  frameworks/onsen-ui/esm/elements/ons-modal/lift-animator.js ../assets/www/frameworks/onsen-ui/esm/elements/ons-modal/lift-animator.js (new file)
  mkdir ../assets/www/frameworks/onsen-ui/esm/elements/ons-navigator
  copy  frameworks/onsen-ui/esm/elements/ons-navigator/animator.js ../assets/www/frameworks/onsen-ui/esm/elements/ons-navigator/animator.js (new file)
  copy  frameworks/onsen-ui/esm/elements/ons-navigator/index.js ../assets/www/frameworks/onsen-ui/esm/elements/ons-navigator/index.js (new file)
  copy  frameworks/onsen-ui/esm/elements/ons-navigator/ios-fade-animator.js ../assets/www/frameworks/onsen-ui/esm/elements/ons-navigator/ios-fade-animator.js (new file)
  copy  frameworks/onsen-ui/esm/elements/ons-navigator/ios-lift-animator.js ../assets/www/frameworks/onsen-ui/esm/elements/ons-navigator/ios-lift-animator.js (new file)
  copy  frameworks/onsen-ui/esm/elements/ons-navigator/ios-slide-animator.js ../assets/www/frameworks/onsen-ui/esm/elements/ons-navigator/ios-slide-animator.js (new file)
  copy  frameworks/onsen-ui/esm/elements/ons-navigator/ios-swipe-animator.js ../assets/www/frameworks/onsen-ui/esm/elements/ons-navigator/ios-swipe-animator.js (new file)
  copy  frameworks/onsen-ui/esm/elements/ons-navigator/md-fade-animator.js ../assets/www/frameworks/onsen-ui/esm/elements/ons-navigator/md-fade-animator.js (new file)
  copy  frameworks/onsen-ui/esm/elements/ons-navigator/md-lift-animator.js ../assets/www/frameworks/onsen-ui/esm/elements/ons-navigator/md-lift-animator.js (new file)
  copy  frameworks/onsen-ui/esm/elements/ons-navigator/md-slide-animator.js ../assets/www/frameworks/onsen-ui/esm/elements/ons-navigator/md-slide-animator.js (new file)
  copy  frameworks/onsen-ui/esm/elements/ons-navigator/none-animator.js ../assets/www/frameworks/onsen-ui/esm/elements/ons-navigator/none-animator.js (new file)
  copy  frameworks/onsen-ui/esm/elements/ons-page.js ../assets/www/frameworks/onsen-ui/esm/elements/ons-page.js (new file)
  mkdir ../assets/www/frameworks/onsen-ui/esm/elements/ons-popover
  copy  frameworks/onsen-ui/esm/elements/ons-popover/animator.js ../assets/www/frameworks/onsen-ui/esm/elements/ons-popover/animator.js (new file)
  copy  frameworks/onsen-ui/esm/elements/ons-popover/index.js ../assets/www/frameworks/onsen-ui/esm/elements/ons-popover/index.js (new file)
  copy  frameworks/onsen-ui/esm/elements/ons-progress-bar.js ../assets/www/frameworks/onsen-ui/esm/elements/ons-progress-bar.js (new file)
  copy  frameworks/onsen-ui/esm/elements/ons-progress-circular.js ../assets/www/frameworks/onsen-ui/esm/elements/ons-progress-circular.js (new file)
  copy  frameworks/onsen-ui/esm/elements/ons-pull-hook.js ../assets/www/frameworks/onsen-ui/esm/elements/ons-pull-hook.js (new file)
  copy  frameworks/onsen-ui/esm/elements/ons-radio.js ../assets/www/frameworks/onsen-ui/esm/elements/ons-radio.js (new file)
  copy  frameworks/onsen-ui/esm/elements/ons-range.js ../assets/www/frameworks/onsen-ui/esm/elements/ons-range.js (new file)
  mkdir ../assets/www/frameworks/onsen-ui/esm/elements/ons-ripple
  copy  frameworks/onsen-ui/esm/elements/ons-ripple/animator-css.js ../assets/www/frameworks/onsen-ui/esm/elements/ons-ripple/animator-css.js (new file)
  copy  frameworks/onsen-ui/esm/elements/ons-ripple/animator-js.js ../assets/www/frameworks/onsen-ui/esm/elements/ons-ripple/animator-js.js (new file)
  copy  frameworks/onsen-ui/esm/elements/ons-ripple/index.js ../assets/www/frameworks/onsen-ui/esm/elements/ons-ripple/index.js (new file)
  copy  frameworks/onsen-ui/esm/elements/ons-row.js ../assets/www/frameworks/onsen-ui/esm/elements/ons-row.js (new file)
  copy  frameworks/onsen-ui/esm/elements/ons-search-input.js ../assets/www/frameworks/onsen-ui/esm/elements/ons-search-input.js (new file)
  copy  frameworks/onsen-ui/esm/elements/ons-segment.js ../assets/www/frameworks/onsen-ui/esm/elements/ons-segment.js (new file)
  copy  frameworks/onsen-ui/esm/elements/ons-select.js ../assets/www/frameworks/onsen-ui/esm/elements/ons-select.js (new file)
  copy  frameworks/onsen-ui/esm/elements/ons-speed-dial-item.js ../assets/www/frameworks/onsen-ui/esm/elements/ons-speed-dial-item.js (new file)
  copy  frameworks/onsen-ui/esm/elements/ons-speed-dial.js ../assets/www/frameworks/onsen-ui/esm/elements/ons-speed-dial.js (new file)
  mkdir ../assets/www/frameworks/onsen-ui/esm/elements/ons-splitter
  copy  frameworks/onsen-ui/esm/elements/ons-splitter-content.js ../assets/www/frameworks/onsen-ui/esm/elements/ons-splitter-content.js (new file)
  copy  frameworks/onsen-ui/esm/elements/ons-splitter-mask.js ../assets/www/frameworks/onsen-ui/esm/elements/ons-splitter-mask.js (new file)
  copy  frameworks/onsen-ui/esm/elements/ons-splitter-side.js ../assets/www/frameworks/onsen-ui/esm/elements/ons-splitter-side.js (new file)
  copy  frameworks/onsen-ui/esm/elements/ons-splitter/animator.js ../assets/www/frameworks/onsen-ui/esm/elements/ons-splitter/animator.js (new file)
  copy  frameworks/onsen-ui/esm/elements/ons-splitter/index.js ../assets/www/frameworks/onsen-ui/esm/elements/ons-splitter/index.js (new file)
  copy  frameworks/onsen-ui/esm/elements/ons-splitter/overlay-animator.js ../assets/www/frameworks/onsen-ui/esm/elements/ons-splitter/overlay-animator.js (new file)
  copy  frameworks/onsen-ui/esm/elements/ons-splitter/push-animator.js ../assets/www/frameworks/onsen-ui/esm/elements/ons-splitter/push-animator.js (new file)
  copy  frameworks/onsen-ui/esm/elements/ons-splitter/reveal-animator.js ../assets/www/frameworks/onsen-ui/esm/elements/ons-splitter/reveal-animator.js (new file)
  copy  frameworks/onsen-ui/esm/elements/ons-switch.js ../assets/www/frameworks/onsen-ui/esm/elements/ons-switch.js (new file)
  copy  frameworks/onsen-ui/esm/elements/ons-tab.js ../assets/www/frameworks/onsen-ui/esm/elements/ons-tab.js (new file)
  mkdir ../assets/www/frameworks/onsen-ui/esm/elements/ons-tabbar
  copy  frameworks/onsen-ui/esm/elements/ons-tabbar/index.js ../assets/www/frameworks/onsen-ui/esm/elements/ons-tabbar/index.js (new file)
  copy  frameworks/onsen-ui/esm/elements/ons-template.js ../assets/www/frameworks/onsen-ui/esm/elements/ons-template.js (new file)
  mkdir ../assets/www/frameworks/onsen-ui/esm/elements/ons-toast
  copy  frameworks/onsen-ui/esm/elements/ons-toast/animator.js ../assets/www/frameworks/onsen-ui/esm/elements/ons-toast/animator.js (new file)
  copy  frameworks/onsen-ui/esm/elements/ons-toast/ascend-animator.js ../assets/www/frameworks/onsen-ui/esm/elements/ons-toast/ascend-animator.js (new file)
  copy  frameworks/onsen-ui/esm/elements/ons-toast/fade-animator.js ../assets/www/frameworks/onsen-ui/esm/elements/ons-toast/fade-animator.js (new file)
  copy  frameworks/onsen-ui/esm/elements/ons-toast/fall-animator.js ../assets/www/frameworks/onsen-ui/esm/elements/ons-toast/fall-animator.js (new file)
  copy  frameworks/onsen-ui/esm/elements/ons-toast/index.js ../assets/www/frameworks/onsen-ui/esm/elements/ons-toast/index.js (new file)
  copy  frameworks/onsen-ui/esm/elements/ons-toast/lift-animator.js ../assets/www/frameworks/onsen-ui/esm/elements/ons-toast/lift-animator.js (new file)
  copy  frameworks/onsen-ui/esm/elements/ons-toolbar-button.js ../assets/www/frameworks/onsen-ui/esm/elements/ons-toolbar-button.js (new file)
  copy  frameworks/onsen-ui/esm/elements/ons-toolbar.js ../assets/www/frameworks/onsen-ui/esm/elements/ons-toolbar.js (new file)
  copy  frameworks/onsen-ui/esm/index.js ../assets/www/frameworks/onsen-ui/esm/index.js (new file)
  mkdir ../assets/www/frameworks/onsen-ui/esm/ons
  copy  frameworks/onsen-ui/esm/ons/action-sheet.js ../assets/www/frameworks/onsen-ui/esm/ons/action-sheet.js (new file)
  copy  frameworks/onsen-ui/esm/ons/animation-options-parser.js ../assets/www/frameworks/onsen-ui/esm/ons/animation-options-parser.js (new file)
  copy  frameworks/onsen-ui/esm/ons/animit.js ../assets/www/frameworks/onsen-ui/esm/ons/animit.js (new file)
  copy  frameworks/onsen-ui/esm/ons/autostyle.js ../assets/www/frameworks/onsen-ui/esm/ons/autostyle.js (new file)
  copy  frameworks/onsen-ui/esm/ons/base-animator.js ../assets/www/frameworks/onsen-ui/esm/ons/base-animator.js (new file)
  copy  frameworks/onsen-ui/esm/ons/content-ready.js ../assets/www/frameworks/onsen-ui/esm/ons/content-ready.js (new file)
  copy  frameworks/onsen-ui/esm/ons/doorlock.js ../assets/www/frameworks/onsen-ui/esm/ons/doorlock.js (new file)
  copy  frameworks/onsen-ui/esm/ons/elements.js ../assets/www/frameworks/onsen-ui/esm/ons/elements.js (new file)
  copy  frameworks/onsen-ui/esm/ons/gesture-detector.js ../assets/www/frameworks/onsen-ui/esm/ons/gesture-detector.js (new file)
  copy  frameworks/onsen-ui/esm/ons/index.js ../assets/www/frameworks/onsen-ui/esm/ons/index.js (new file)
  mkdir ../assets/www/frameworks/onsen-ui/esm/ons/internal
  copy  frameworks/onsen-ui/esm/ons/internal/animator-factory.js ../assets/www/frameworks/onsen-ui/esm/ons/internal/animator-factory.js (new file)
  copy  frameworks/onsen-ui/esm/ons/internal/device-back-button-dispatcher.js ../assets/www/frameworks/onsen-ui/esm/ons/internal/device-back-button-dispatcher.js (new file)
  copy  frameworks/onsen-ui/esm/ons/internal/index.js ../assets/www/frameworks/onsen-ui/esm/ons/internal/index.js (new file)
  copy  frameworks/onsen-ui/esm/ons/internal/internal.js ../assets/www/frameworks/onsen-ui/esm/ons/internal/internal.js (new file)
  copy  frameworks/onsen-ui/esm/ons/internal/lazy-repeat.js ../assets/www/frameworks/onsen-ui/esm/ons/internal/lazy-repeat.js (new file)
  copy  frameworks/onsen-ui/esm/ons/internal/modifier-util.js ../assets/www/frameworks/onsen-ui/esm/ons/internal/modifier-util.js (new file)
  copy  frameworks/onsen-ui/esm/ons/internal/swipe-reveal.js ../assets/www/frameworks/onsen-ui/esm/ons/internal/swipe-reveal.js (new file)
  copy  frameworks/onsen-ui/esm/ons/internal/swiper.js ../assets/www/frameworks/onsen-ui/esm/ons/internal/swiper.js (new file)
  copy  frameworks/onsen-ui/esm/ons/internal/toast-queue.js ../assets/www/frameworks/onsen-ui/esm/ons/internal/toast-queue.js (new file)
  copy  frameworks/onsen-ui/esm/ons/iphonex-patch.js ../assets/www/frameworks/onsen-ui/esm/ons/iphonex-patch.js (new file)
  copy  frameworks/onsen-ui/esm/ons/microevent.js ../assets/www/frameworks/onsen-ui/esm/ons/microevent.js (new file)
  copy  frameworks/onsen-ui/esm/ons/modifier.js ../assets/www/frameworks/onsen-ui/esm/ons/modifier.js (new file)
  copy  frameworks/onsen-ui/esm/ons/notification.js ../assets/www/frameworks/onsen-ui/esm/ons/notification.js (new file)
  copy  frameworks/onsen-ui/esm/ons/orientation.js ../assets/www/frameworks/onsen-ui/esm/ons/orientation.js (new file)
  copy  frameworks/onsen-ui/esm/ons/page-attribute-expression.js ../assets/www/frameworks/onsen-ui/esm/ons/page-attribute-expression.js (new file)
  copy  frameworks/onsen-ui/esm/ons/page-loader.js ../assets/www/frameworks/onsen-ui/esm/ons/page-loader.js (new file)
  copy  frameworks/onsen-ui/esm/ons/platform.js ../assets/www/frameworks/onsen-ui/esm/ons/platform.js (new file)
  copy  frameworks/onsen-ui/esm/ons/software-keyboard.js ../assets/www/frameworks/onsen-ui/esm/ons/software-keyboard.js (new file)
  copy  frameworks/onsen-ui/esm/ons/styler.js ../assets/www/frameworks/onsen-ui/esm/ons/styler.js (new file)
  copy  frameworks/onsen-ui/esm/ons/util.js ../assets/www/frameworks/onsen-ui/esm/ons/util.js (new file)
  mkdir ../assets/www/frameworks/onsen-ui/esm/polyfills
  mkdir ../assets/www/frameworks/onsen-ui/esm/polyfills/MutationObserver@0.7.22
  copy  frameworks/onsen-ui/esm/polyfills/MutationObserver@0.7.22/MutationObserver.js ../assets/www/frameworks/onsen-ui/esm/polyfills/MutationObserver@0.7.22/MutationObserver.js (new file)
  copy  frameworks/onsen-ui/esm/polyfills/index.js ../assets/www/frameworks/onsen-ui/esm/polyfills/index.js (new file)
  copy  frameworks/onsen-ui/esm/polyfills/polyfill-switches.js ../assets/www/frameworks/onsen-ui/esm/polyfills/polyfill-switches.js (new file)
  mkdir ../assets/www/frameworks/onsen-ui/esm/polyfills/setImmediate@1.0.2+mod
  copy  frameworks/onsen-ui/esm/polyfills/setImmediate@1.0.2+mod/setImmediate.js ../assets/www/frameworks/onsen-ui/esm/polyfills/setImmediate@1.0.2+mod/setImmediate.js (new file)
  mkdir ../assets/www/frameworks/onsen-ui/esm/vendor
  copy  frameworks/onsen-ui/esm/vendor/index.js ../assets/www/frameworks/onsen-ui/esm/vendor/index.js (new file)
  copy  frameworks/onsen-ui/esm/vendor/viewport.js ../assets/www/frameworks/onsen-ui/esm/vendor/viewport.js (new file)
  mkdir ../assets/www/frameworks/onsen-ui/js
  copy  frameworks/onsen-ui/js/angular-onsenui.js ../assets/www/frameworks/onsen-ui/js/angular-onsenui.js (new file)
  copy  frameworks/onsen-ui/js/angular-onsenui.min.js ../assets/www/frameworks/onsen-ui/js/angular-onsenui.min.js (new file)
  copy  frameworks/onsen-ui/js/onsenui.d.ts ../assets/www/frameworks/onsen-ui/js/onsenui.d.ts (new file)
  copy  frameworks/onsen-ui/js/onsenui.js ../assets/www/frameworks/onsen-ui/js/onsenui.js (new file)
  copy  frameworks/onsen-ui/js/onsenui.min.js ../assets/www/frameworks/onsen-ui/js/onsenui.min.js (new file)
  copy  img/addImage.js ../assets/www/img/addImage.js (new file)
  delete ../assets/www/img/cordova.png (no source)
  delete ../assets/www/img/logo.png (no source)
  copy  index.html ../assets/www/index.html (updated file)
  delete ../assets/www/js/index.js (no source)
  copy  js/maintenance.js ../assets/www/js/maintenance.js (new file)
  copy  js/service.js ../assets/www/js/service.js (new file)
  copy  js/ui.js ../assets/www/js/ui.js (new file)
  copy  js/user.js ../assets/www/js/user.js (new file)
  copy  js/utilities.js ../assets/www/js/utilities.js (new file)
  copy  js/vehicle.js ../assets/www/js/vehicle.js (new file)
  copy  js/workshop.js ../assets/www/js/workshop.js (new file)
Wrote out android application name "VeMAPI" to /var/gimlet/tmp/47449681830380/3482747/res/values/strings.xml
android-versionCode not found in config.xml. Generating a code based on version in config.xml (1.0.0): 10000
Wrote out Android package name "uy.edu.ort.VeMAPI" to /var/gimlet/tmp/47449681830380/3482747/src/uy/edu/ort/VeMAPI/VeMAPI.java
This app does not have launcher icons defined
This app does not have splash screens defined
This app does not have additional resource files defined
Prepared android project successfully
--------------------------------------------------------------------------------
PLUGIN OUTPUT
--------------------------------------------------------------------------------
Fetching plugin "cordova-plugin-whitelist@~1.3.3" via npm
Installing "cordova-plugin-whitelist" at "1.3.3" for android

               This plugin is only applicable for versions of cordova-android greater than 4.0. If you have a previous platform version, you do *not* need this plugin since the whitelist will be built in.
Fetching plugin "cordova-plugin-geolocation@2.4.3" via npm
Installing "cordova-plugin-geolocation" at "2.4.3" for android
Fetching plugin "cordova-plugin-compat@^1.0.0" via npm
Installing "cordova-plugin-compat" at "1.2.0" for android
Fetching plugin "cordova-plugin-device@~2.0.2" via npm
Installing "cordova-plugin-device" at "2.0.2" for android
Fetching plugin "cordova-plugin-camera@2.4.1" via npm
Installing "cordova-plugin-camera" at "2.4.1" for android
Plugin dependency "cordova-plugin-compat@1.2.0" already fetched, using that version.
Dependent plugin "cordova-plugin-compat" already installed on android.
Subproject Path: CordovaLib

--------------------------------------------------------------------------------
PROJECT PROPERTIES
--------------------------------------------------------------------------------
# This file is automatically generated by Android Tools.
# Do not modify this file -- YOUR CHANGES WILL BE ERASED!
#
# This file must be checked in Version Control Systems.
#
# To customize properties used by the Ant build system edit
# "ant.properties", and override values to adapt the script to your
# project structure.
#
# To enable ProGuard to shrink and obfuscate your code, uncomment this (available properties: sdk.dir, user.home):
#proguard.config=${sdk.dir}/tools/proguard/proguard-android.txt:proguard-project.txt
# Project target.
target=android-25
android.library.reference.1=CordovaLib
cordova.system.library.1=com.android.support:support-v4:24.1.1+
--------------------------------------------------------------------------------
COMPILE OUTPUT
--------------------------------------------------------------------------------
:wrapper

BUILD SUCCESSFUL in 0s
1 actionable task: 1 executed
Subproject Path: CordovaLib
The Task.leftShift(Closure) method has been deprecated and is scheduled to be removed in Gradle 5.0. Please use Task.doLast(Action) instead.
	at build_9q7897959grbjl3x8vafdtxxx.run(/var/gimlet/tmp/47449681830380/3482747/build.gradle:156)
The JavaCompile.setDependencyCacheDir() method has been deprecated and is scheduled to be removed in Gradle 4.0.
Incremental java compilation is an incubating feature.
The TaskInputs.source(Object) method has been deprecated and is scheduled to be removed in Gradle 4.0. Please use TaskInputs.file(Object).skipWhenEmpty() instead.
:preBuild UP-TO-DATE
:preDebugBuild UP-TO-DATE
:checkDebugManifest
:preReleaseBuild UP-TO-DATE
:CordovaLib:preBuild UP-TO-DATE
:CordovaLib:preDebugBuild UP-TO-DATE
:CordovaLib:checkDebugManifest
:CordovaLib:prepareDebugDependencies
:CordovaLib:compileDebugAidl
:CordovaLib:compileDebugNdk UP-TO-DATE
:CordovaLib:compileLint
:CordovaLib:copyDebugLint UP-TO-DATE
:CordovaLib:mergeDebugShaders
:CordovaLib:compileDebugShaders
:CordovaLib:generateDebugAssets
:CordovaLib:mergeDebugAssets
:CordovaLib:mergeDebugProguardFiles
:CordovaLib:packageDebugRenderscript UP-TO-DATE
:CordovaLib:compileDebugRenderscript
:CordovaLib:generateDebugResValues
:CordovaLib:generateDebugResources
:CordovaLib:packageDebugResources
:CordovaLib:processDebugManifest
:CordovaLib:generateDebugBuildConfig
:CordovaLib:processDebugResources
:CordovaLib:generateDebugSources
:CordovaLib:incrementalDebugJavaCompilationSafeguard
:CordovaLib:compileDebugJavaWithJavac
:CordovaLib:compileDebugJavaWithJavac - is not incremental (e.g. outputs have changed, no previous execution, etc.).
Note: Some input files use or override a deprecated API.
Note: Recompile with -Xlint:deprecation for details.
:CordovaLib:processDebugJavaRes UP-TO-DATE
:CordovaLib:transformResourcesWithMergeJavaResForDebug
:CordovaLib:transformClassesAndResourcesWithSyncLibJarsForDebug
:CordovaLib:mergeDebugJniLibFolders
:CordovaLib:transformNative_libsWithMergeJniLibsForDebug
:CordovaLib:transformNative_libsWithSyncJniLibsForDebug
:CordovaLib:bundleDebug
:CordovaLib:preReleaseBuild UP-TO-DATE
:CordovaLib:checkReleaseManifest
:CordovaLib:prepareReleaseDependencies
:CordovaLib:compileReleaseAidl
:CordovaLib:compileReleaseNdk UP-TO-DATE
:CordovaLib:copyReleaseLint UP-TO-DATE
:CordovaLib:mergeReleaseShaders
:CordovaLib:compileReleaseShaders
:CordovaLib:generateReleaseAssets
:CordovaLib:mergeReleaseAssets
:CordovaLib:mergeReleaseProguardFiles
:CordovaLib:packageReleaseRenderscript UP-TO-DATE
:CordovaLib:compileReleaseRenderscript
:CordovaLib:generateReleaseResValues
:CordovaLib:generateReleaseResources
:CordovaLib:packageReleaseResources
:CordovaLib:processReleaseManifest
:CordovaLib:generateReleaseBuildConfig
:CordovaLib:processReleaseResources
:CordovaLib:generateReleaseSources
:CordovaLib:incrementalReleaseJavaCompilationSafeguard
:CordovaLib:compileReleaseJavaWithJavac
:CordovaLib:compileReleaseJavaWithJavac - is not incremental (e.g. outputs have changed, no previous execution, etc.).
Note: Some input files use or override a deprecated API.
Note: Recompile with -Xlint:deprecation for details.
:CordovaLib:processReleaseJavaRes UP-TO-DATE
:CordovaLib:transformResourcesWithMergeJavaResForRelease
:CordovaLib:transformClassesAndResourcesWithSyncLibJarsForRelease
:CordovaLib:mergeReleaseJniLibFolders
:CordovaLib:transformNative_libsWithMergeJniLibsForRelease
:CordovaLib:transformNative_libsWithSyncJniLibsForRelease
:CordovaLib:bundleRelease
:prepareComAndroidSupportSupportV42411Library
:prepareOrgApacheCordovaCordovaLib623DebugLibrary
:prepareDebugDependencies
:compileDebugAidl
:compileDebugRenderscript
:generateDebugBuildConfig
:generateDebugResValues
:generateDebugResources
:mergeDebugResources
:processDebugManifest
:processDebugResources
:generateDebugSources
:incrementalDebugJavaCompilationSafeguard
:compileDebugJavaWithJavac
:compileDebugJavaWithJavac - is not incremental (e.g. outputs have changed, no previous execution, etc.).
Note: /var/gimlet/tmp/47449681830380/3482747/src/org/apache/cordova/camera/ExifHelper.java uses or overrides a deprecated API.
Note: Recompile with -Xlint:deprecation for details.
:compileDebugNdk UP-TO-DATE
:compileDebugSources
:mergeDebugShaders
:compileDebugShaders
:generateDebugAssets
:mergeDebugAssets
:transformClassesWithDexForDebug
:mergeDebugJniLibFolders
:transformNative_libsWithMergeJniLibsForDebug
:processDebugJavaRes UP-TO-DATE
:transformResourcesWithMergeJavaResForDebug
:validateSigningDebug
:packageDebug
:assembleDebug
:cdvBuildDebug

BUILD SUCCESSFUL

Total time: 19.457 secs
Built the following apk(s): 
	/var/gimlet/tmp/47449681830380/3482747/build/outputs/apk-debug.apk
